#
# A fatal error has been detected by the Java Runtime Environment:
#
#  EXCEPTION_ACCESS_VIOLATION (0xc0000005) at pc=0x09f6eb00, pid=9024, tid=0x000013e0
#
# JRE version: Java(TM) SE Runtime Environment (8.0_121-b13) (build 1.8.0_121-b13)
# Java VM: Java HotSpot(TM) Client VM (25.121-b13 mixed mode windows-x86 )
# Problematic frame:
# C  0x09f6eb00
#
# Failed to write core dump. Minidumps are not enabled by default on client versions of Windows
#
# If you would like to submit a bug report, please visit:
#   http://bugreport.java.com/bugreport/crash.jsp
# The crash happened outside the Java Virtual Machine in native code.
# See problematic frame for where to report the bug.
#

---------------  T H R E A D  ---------------

Current thread (0x09f70000):  JavaThread "ForkJoinPool.commonPool-worker-1" daemon [_thread_in_native, id=5088, stack(0x0c140000,0x0c190000)]

siginfo: ExceptionCode=0xc0000005, ExceptionInformation=0x00000008 0x09f6eb00

Registers:
EAX=0x00000004, EBX=0x09f70140, ECX=0x00000000, EDX=0x05c27654
ESP=0x0c18f248, EBP=0x0c18f278, ESI=0x0c18f298, EDI=0x098cbbb8
EIP=0x09f6eb00, EFLAGS=0x00010216

Top of Stack: (sp=0x0c18f248)
0x0c18f248:   0c18f330 00000000 63cf8d7c 63cf8e5c
0x0c18f258:   09e70d90 00000000 00000002 075a432c
0x0c18f268:   08b3d238 08b3d238 0c18f2a4 0c18f2b0
0x0c18f278:   0c18f2d8 0bd1779d 09f6eb30 075a3f38
0x0c18f288:   075a3f40 075a432c 000003ec 0255bed9
0x0c18f298:   00000000 00000000 00000000 0c18f2cc
0x0c18f2a8:   63aa0ce0 09f70000 00000006 00000008
0x0c18f2b8:   09f70000 08b3d230 08b3d238 08b3d238 

Instructions: (pc=0x09f6eb00)
0x09f6eae0:   45 54 00 00 00 00 00 00 20 e5 54 7b 00 00 00 8c
0x09f6eaf0:   01 00 00 00 09 00 00 00 01 00 00 00 07 00 00 00
0x09f6eb00:   c0 4b e8 09 00 00 00 00 1c e5 54 7b 00 00 00 8c
0x09f6eb10:   01 00 00 00 03 00 00 00 01 00 00 00 07 00 00 00 


Register to memory mapping:

EAX=0x00000004 is an unknown value
EBX=0x09f70140 is an unknown value
ECX=0x00000000 is an unknown value
EDX=0x05c27654 is an unknown value
ESP=0x0c18f248 is pointing into the stack for thread: 0x09f70000
EBP=0x0c18f278 is pointing into the stack for thread: 0x09f70000
ESI=0x0c18f298 is pointing into the stack for thread: 0x09f70000
EDI=0x098cbbb8 is an unknown value


Stack: [0x0c140000,0x0c190000],  sp=0x0c18f248,  free space=316k
Native frames: (J=compiled Java code, j=interpreted, Vv=VM code, C=native code)
C  0x09f6eb00
C  [libaapt2_jni.dll+0x2779d]
j  com.android.tools.aapt2.Aapt2Jni.nativeCompile(Ljava/util/List;Lcom/android/tools/aapt2/Aapt2JniLogCallback;)I+0
j  com.android.tools.aapt2.Aapt2Jni.compile(Ljava/util/List;)Lcom/android/tools/aapt2/Aapt2Result;+6
j  com.android.builder.internal.aapt.v2.AaptV2Jni.lambda$compile$0(Lcom/android/ide/common/res2/CompileResourceRequest;)Ljava/io/File;+10
j  com.android.builder.internal.aapt.v2.AaptV2Jni$$Lambda$300.call()Ljava/lang/Object;+8
j  java.util.concurrent.ForkJoinTask$AdaptedCallable.exec()Z+5
j  java.util.concurrent.ForkJoinTask.doExec()I+10
j  java.util.concurrent.ForkJoinPool$WorkQueue.runTask(Ljava/util/concurrent/ForkJoinTask;)V+21
j  java.util.concurrent.ForkJoinPool.runWorker(Ljava/util/concurrent/ForkJoinPool$WorkQueue;)V+35
j  java.util.concurrent.ForkJoinWorkerThread.run()V+24
v  ~StubRoutines::call_stub
V  [jvm.dll+0x15aa85]
V  [jvm.dll+0x220d7e]
V  [jvm.dll+0x15ab1e]
V  [jvm.dll+0x15aca6]
V  [jvm.dll+0x15ad17]
V  [jvm.dll+0xff20f]
V  [jvm.dll+0x17d800]
V  [jvm.dll+0x17e07a]
V  [jvm.dll+0x1c2ae6]
C  [msvcr100.dll+0x5c556]
C  [msvcr100.dll+0x5c600]
C  [kernel32.dll+0x13677]
C  [ntdll.dll+0x39d72]
C  [ntdll.dll+0x39d45]
C  0x00000000

Java frames: (J=compiled Java code, j=interpreted, Vv=VM code)
j  com.android.tools.aapt2.Aapt2Jni.nativeCompile(Ljava/util/List;Lcom/android/tools/aapt2/Aapt2JniLogCallback;)I+0
j  com.android.tools.aapt2.Aapt2Jni.compile(Ljava/util/List;)Lcom/android/tools/aapt2/Aapt2Result;+6
j  com.android.builder.internal.aapt.v2.AaptV2Jni.lambda$compile$0(Lcom/android/ide/common/res2/CompileResourceRequest;)Ljava/io/File;+10
j  com.android.builder.internal.aapt.v2.AaptV2Jni$$Lambda$300.call()Ljava/lang/Object;+8
j  java.util.concurrent.ForkJoinTask$AdaptedCallable.exec()Z+5
j  java.util.concurrent.ForkJoinTask.doExec()I+10
j  java.util.concurrent.ForkJoinPool$WorkQueue.runTask(Ljava/util/concurrent/ForkJoinTask;)V+21
j  java.util.concurrent.ForkJoinPool.runWorker(Ljava/util/concurrent/ForkJoinPool$WorkQueue;)V+35
j  java.util.concurrent.ForkJoinWorkerThread.run()V+24
v  ~StubRoutines::call_stub

---------------  P R O C E S S  ---------------

Java Threads: ( => current thread )
=>0x09f70000 JavaThread "ForkJoinPool.commonPool-worker-1" daemon [_thread_in_native, id=5088, stack(0x0c140000,0x0c190000)]
  0x0685a400 JavaThread "Task worker for ':' Thread 3" [_thread_blocked, id=5868, stack(0x0bb60000,0x0bbb0000)]
  0x0685a000 JavaThread "Task worker for ':' Thread 2" [_thread_blocked, id=8252, stack(0x0bb10000,0x0bb60000)]
  0x06859800 JavaThread "Task worker for ':'" [_thread_blocked, id=8196, stack(0x0b7a0000,0x0b7f0000)]
  0x06859400 JavaThread "Cache worker for Build Output Cleanup Cache (E:\sampleReact\Sheistheworld\sheistheworld\android\.gradle\buildOutputCleanup)" [_thread_blocked, id=8740, stack(0x08da0000,0x08df0000)]
  0x06858400 JavaThread "Cache worker for task history cache (E:\sampleReact\Sheistheworld\sheistheworld\android\.gradle\4.4\taskHistory)" [_thread_blocked, id=7796, stack(0x0b940000,0x0b990000)]
  0x06858c00 JavaThread "Cache worker for file content cache (E:\sampleReact\Sheistheworld\sheistheworld\android\.gradle\4.4\fileContent)" [_thread_blocked, id=9132, stack(0x0b8b0000,0x0b900000)]
  0x06858000 JavaThread "build operations Thread 4" [_thread_blocked, id=8852, stack(0x0b350000,0x0b3a0000)]
  0x06857800 JavaThread "build operations Thread 3" [_thread_blocked, id=6028, stack(0x07e60000,0x07eb0000)]
  0x06856800 JavaThread "build operations Thread 2" [_thread_blocked, id=8536, stack(0x0b1a0000,0x0b1f0000)]
  0x06854000 JavaThread "build operations" [_thread_blocked, id=8856, stack(0x0b210000,0x0b260000)]
  0x06855800 JavaThread "Cache worker for Artifact transforms cache (C:\Users\user\.gradle\caches\transforms-1)" [_thread_blocked, id=7236, stack(0x0ae10000,0x0ae60000)]
  0x06855400 JavaThread "Cache worker for file hash cache (E:\sampleReact\Sheistheworld\sheistheworld\android\.gradle\4.4\fileHashes)" [_thread_blocked, id=5840, stack(0x05260000,0x052b0000)]
  0x06854800 JavaThread "Stdin handler" [_thread_blocked, id=8576, stack(0x053b0000,0x05400000)]
  0x06854c00 JavaThread "Asynchronous log dispatcher for DefaultDaemonConnection: socket connection from /127.0.0.1:54835 to /127.0.0.1:54850" [_thread_blocked, id=7008, stack(0x08d50000,0x08da0000)]
  0x06853400 JavaThread "Cancel handler" [_thread_blocked, id=7112, stack(0x07eb0000,0x07f00000)]
  0x06857400 JavaThread "Handler for socket connection from /127.0.0.1:54835 to /127.0.0.1:54850" [_thread_in_native, id=7824, stack(0x08010000,0x08060000)]
  0x06856000 JavaThread "Memory manager" [_thread_blocked, id=9088, stack(0x08a10000,0x08a60000)]
  0x06852c00 JavaThread "File lock request listener" [_thread_in_native, id=8656, stack(0x080f0000,0x08140000)]
  0x06823800 JavaThread "Cache worker for file hash cache (C:\Users\user\.gradle\caches\4.4\fileHashes)" [_thread_blocked, id=9192, stack(0x07cd0000,0x07d20000)]
  0x06725c00 JavaThread "Daemon worker" [_thread_blocked, id=9176, stack(0x054d0000,0x05520000)]
  0x066bdc00 JavaThread "Daemon" [_thread_blocked, id=7772, stack(0x07b00000,0x07b50000)]
  0x066b5800 JavaThread "Daemon periodic checks" [_thread_blocked, id=8336, stack(0x07aa0000,0x07af0000)]
  0x06412400 JavaThread "Incoming local TCP Connector on port 54835" [_thread_in_native, id=8364, stack(0x07760000,0x077b0000)]
  0x063a9400 JavaThread "Daemon health stats" [_thread_blocked, id=9028, stack(0x04f00000,0x04f50000)]
  0x04d5b000 JavaThread "Service Thread" daemon [_thread_blocked, id=6416, stack(0x05520000,0x05570000)]
  0x04d3e800 JavaThread "C1 CompilerThread0" daemon [_thread_blocked, id=8792, stack(0x05160000,0x051b0000)]
  0x04d3d800 JavaThread "Attach Listener" daemon [_thread_blocked, id=7108, stack(0x04ff0000,0x05040000)]
  0x04d3ac00 JavaThread "Signal Dispatcher" daemon [_thread_blocked, id=9180, stack(0x00540000,0x00590000)]
  0x04d26c00 JavaThread "Finalizer" daemon [_thread_blocked, id=8732, stack(0x051c0000,0x05210000)]
  0x04d00000 JavaThread "Reference Handler" daemon [_thread_blocked, id=5668, stack(0x05040000,0x05090000)]
  0x020ac400 JavaThread "main" [_thread_blocked, id=6680, stack(0x02050000,0x020a0000)]

Other Threads:
  0x04cfa800 VMThread [stack: 0x020e0000,0x02130000] [id=7288]
  0x04d6ec00 WatcherThread [stack: 0x05620000,0x05670000] [id=8104]

VM state:not at safepoint (normal execution)

VM Mutex/Monitor currently owned by a thread: None

Heap:
 def new generation   total 35968K, used 34459K [0x0f200000, 0x11900000, 0x24750000)
  eden space 32000K,  95% used [0x0f200000, 0x10fc6d88, 0x11140000)
  from space 3968K, 100% used [0x11140000, 0x11520000, 0x11520000)
  to   space 3968K,   0% used [0x11520000, 0x11520000, 0x11900000)
 tenured generation   total 79648K, used 76294K [0x24750000, 0x29518000, 0x4f200000)
   the space 79648K,  95% used [0x24750000, 0x291d1b38, 0x291d1c00, 0x29518000)
 Metaspace       used 38908K, capacity 40370K, committed 40448K, reserved 41344K

Card table byte_map: [0x04510000,0x04720000] byte_map_base: 0x04497000

Polling page: 0x00300000

CodeCache: size=32768Kb used=8921Kb max_used=8921Kb free=23847Kb
 bounds [0x02510000, 0x02dd0000, 0x04510000]
 total_blobs=5816 nmethods=5351 adapters=393
 compilation: enabled

Compilation events (10 events):
Event: 35.872 Thread 0x04d3e800 5826             com.google.common.base.Objects::equal (23 bytes)
Event: 35.872 Thread 0x04d3e800 nmethod 5826 0x02dc6f08 code [0x02dc7000, 0x02dc70bc]
Event: 35.873 Thread 0x04d3e800 5827             com.sun.org.apache.xerces.internal.dom.CharacterDataImpl::getNodeValue (16 bytes)
Event: 35.874 Thread 0x04d3e800 nmethod 5827 0x02dc7148 code [0x02dc7250, 0x02dc731c]
Event: 35.874 Thread 0x04d3e800 5828             com.sun.org.apache.xerces.internal.dom.ElementImpl::getTagName (16 bytes)
Event: 35.874 Thread 0x04d3e800 nmethod 5828 0x02dc7388 code [0x02dc7490, 0x02dc755c]
Event: 35.875 Thread 0x04d3e800 5829             com.android.utils.PositionXmlParser::getPositionHelper (757 bytes)
Event: 35.880 Thread 0x04d3e800 nmethod 5829 0x02dc75c8 code [0x02dc79a0, 0x02dc8f0c]
Event: 35.880 Thread 0x04d3e800 5830             com.android.ide.common.blame.SourceFilePosition::equals (55 bytes)
Event: 35.881 Thread 0x04d3e800 nmethod 5830 0x02dcad48 code [0x02dcae60, 0x02dcb058]

GC Heap History (10 events):
Event: 31.466 GC heap before
{Heap before GC invocations=100 (full 5):
 def new generation   total 35968K, used 35968K [0x0f200000, 0x11900000, 0x24750000)
  eden space 32000K, 100% used [0x0f200000, 0x11140000, 0x11140000)
  from space 3968K, 100% used [0x11520000, 0x11900000, 0x11900000)
  to   space 3968K,   0% used [0x11140000, 0x11140000, 0x11520000)
 tenured generation   total 79648K, used 59632K [0x24750000, 0x29518000, 0x4f200000)
   the space 79648K,  74% used [0x24750000, 0x2818c2a0, 0x2818c400, 0x29518000)
 Metaspace       used 38187K, capacity 39564K, committed 39680K, reserved 40320K
Event: 31.617 GC heap after
Heap after GC invocations=101 (full 5):
 def new generation   total 35968K, used 3968K [0x0f200000, 0x11900000, 0x24750000)
  eden space 32000K,   0% used [0x0f200000, 0x0f200000, 0x11140000)
  from space 3968K, 100% used [0x11140000, 0x11520000, 0x11520000)
  to   space 3968K,   0% used [0x11520000, 0x11520000, 0x11900000)
 tenured generation   total 79648K, used 64654K [0x24750000, 0x29518000, 0x4f200000)
   the space 79648K,  81% used [0x24750000, 0x286739d8, 0x28673a00, 0x29518000)
 Metaspace       used 38187K, capacity 39564K, committed 39680K, reserved 40320K
}
Event: 32.870 GC heap before
{Heap before GC invocations=101 (full 5):
 def new generation   total 35968K, used 35968K [0x0f200000, 0x11900000, 0x24750000)
  eden space 32000K, 100% used [0x0f200000, 0x11140000, 0x11140000)
  from space 3968K, 100% used [0x11140000, 0x11520000, 0x11520000)
  to   space 3968K,   0% used [0x11520000, 0x11520000, 0x11900000)
 tenured generation   total 79648K, used 64654K [0x24750000, 0x29518000, 0x4f200000)
   the space 79648K,  81% used [0x24750000, 0x286739d8, 0x28673a00, 0x29518000)
 Metaspace       used 38190K, capacity 39569K, committed 39680K, reserved 40320K
Event: 32.901 GC heap after
Heap after GC invocations=102 (full 5):
 def new generation   total 35968K, used 1314K [0x0f200000, 0x11900000, 0x24750000)
  eden space 32000K,   0% used [0x0f200000, 0x0f200000, 0x11140000)
  from space 3968K,  33% used [0x11520000, 0x11668ba0, 0x11900000)
  to   space 3968K,   0% used [0x11140000, 0x11140000, 0x11520000)
 tenured generation   total 79648K, used 68602K [0x24750000, 0x29518000, 0x4f200000)
   the space 79648K,  86% used [0x24750000, 0x28a4eba8, 0x28a4ec00, 0x29518000)
 Metaspace       used 38190K, capacity 39569K, committed 39680K, reserved 40320K
}
Event: 34.073 GC heap before
{Heap before GC invocations=102 (full 5):
 def new generation   total 35968K, used 33314K [0x0f200000, 0x11900000, 0x24750000)
  eden space 32000K, 100% used [0x0f200000, 0x11140000, 0x11140000)
  from space 3968K,  33% used [0x11520000, 0x11668ba0, 0x11900000)
  to   space 3968K,   0% used [0x11140000, 0x11140000, 0x11520000)
 tenured generation   total 79648K, used 68602K [0x24750000, 0x29518000, 0x4f200000)
   the space 79648K,  86% used [0x24750000, 0x28a4eba8, 0x28a4ec00, 0x29518000)
 Metaspace       used 38676K, capacity 40102K, committed 40192K, reserved 40320K
Event: 34.094 GC heap after
Heap after GC invocations=103 (full 5):
 def new generation   total 35968K, used 3550K [0x0f200000, 0x11900000, 0x24750000)
  eden space 32000K,   0% used [0x0f200000, 0x0f200000, 0x11140000)
  from space 3968K,  89% used [0x11140000, 0x114b7928, 0x11520000)
  to   space 3968K,   0% used [0x11520000, 0x11520000, 0x11900000)
 tenured generation   total 79648K, used 68602K [0x24750000, 0x29518000, 0x4f200000)
   the space 79648K,  86% used [0x24750000, 0x28a4eba8, 0x28a4ec00, 0x29518000)
 Metaspace       used 38676K, capacity 40102K, committed 40192K, reserved 40320K
}
Event: 34.662 GC heap before
{Heap before GC invocations=103 (full 5):
 def new generation   total 35968K, used 35550K [0x0f200000, 0x11900000, 0x24750000)
  eden space 32000K, 100% used [0x0f200000, 0x11140000, 0x11140000)
  from space 3968K,  89% used [0x11140000, 0x114b7928, 0x11520000)
  to   space 3968K,   0% used [0x11520000, 0x11520000, 0x11900000)
 tenured generation   total 79648K, used 68602K [0x24750000, 0x29518000, 0x4f200000)
   the space 79648K,  86% used [0x24750000, 0x28a4eba8, 0x28a4ec00, 0x29518000)
 Metaspace       used 38683K, capacity 40134K, committed 40192K, reserved 40320K
Event: 34.687 GC heap after
Heap after GC invocations=104 (full 5):
 def new generation   total 35968K, used 2662K [0x0f200000, 0x11900000, 0x24750000)
  eden space 32000K,   0% used [0x0f200000, 0x0f200000, 0x11140000)
  from space 3968K,  67% used [0x11520000, 0x117b9af8, 0x11900000)
  to   space 3968K,   0% used [0x11140000, 0x11140000, 0x11520000)
 tenured generation   total 79648K, used 71611K [0x24750000, 0x29518000, 0x4f200000)
   the space 79648K,  89% used [0x24750000, 0x28d3ee70, 0x28d3f000, 0x29518000)
 Metaspace       used 38683K, capacity 40134K, committed 40192K, reserved 40320K
}
Event: 35.225 GC heap before
{Heap before GC invocations=104 (full 5):
 def new generation   total 35968K, used 34662K [0x0f200000, 0x11900000, 0x24750000)
  eden space 32000K, 100% used [0x0f200000, 0x11140000, 0x11140000)
  from space 3968K,  67% used [0x11520000, 0x117b9af8, 0x11900000)
  to   space 3968K,   0% used [0x11140000, 0x11140000, 0x11520000)
 tenured generation   total 79648K, used 71611K [0x24750000, 0x29518000, 0x4f200000)
   the space 79648K,  89% used [0x24750000, 0x28d3ee70, 0x28d3f000, 0x29518000)
 Metaspace       used 38684K, capacity 40134K, committed 40192K, reserved 40320K
Event: 35.259 GC heap after
Heap after GC invocations=105 (full 5):
 def new generation   total 35968K, used 3968K [0x0f200000, 0x11900000, 0x24750000)
  eden space 32000K,   0% used [0x0f200000, 0x0f200000, 0x11140000)
  from space 3968K, 100% used [0x11140000, 0x11520000, 0x11520000)
  to   space 3968K,   0% used [0x11520000, 0x11520000, 0x11900000)
 tenured generation   total 79648K, used 76294K [0x24750000, 0x29518000, 0x4f200000)
   the space 79648K,  95% used [0x24750000, 0x291d1b38, 0x291d1c00, 0x29518000)
 Metaspace       used 38684K, capacity 40134K, committed 40192K, reserved 40320K
}

Deoptimization events (0 events):
No events

Internal exceptions (10 events):
Event: 27.017 Thread 0x06725c00 Exception <a 'sun/nio/fs/WindowsException'> (0x1105c8a0) thrown at [C:\workspace\8-2-build-windows-i586-cygwin\jdk8u121\8372\hotspot\src\share\vm\prims\jni.cpp, line 709]
Event: 27.017 Thread 0x06725c00 Exception <a 'sun/nio/fs/WindowsException'> (0x1105d510) thrown at [C:\workspace\8-2-build-windows-i586-cygwin\jdk8u121\8372\hotspot\src\share\vm\prims\jni.cpp, line 709]
Event: 27.017 Thread 0x06725c00 Exception <a 'sun/nio/fs/WindowsException'> (0x1105f0e8) thrown at [C:\workspace\8-2-build-windows-i586-cygwin\jdk8u121\8372\hotspot\src\share\vm\prims\jni.cpp, line 709]
Event: 27.017 Thread 0x06725c00 Exception <a 'sun/nio/fs/WindowsException'> (0x1105fd20) thrown at [C:\workspace\8-2-build-windows-i586-cygwin\jdk8u121\8372\hotspot\src\share\vm\prims\jni.cpp, line 709]
Event: 27.159 Thread 0x06725c00 Exception <a 'sun/nio/fs/WindowsException'> (0x0f7a10a8) thrown at [C:\workspace\8-2-build-windows-i586-cygwin\jdk8u121\8372\hotspot\src\share\vm\prims\jni.cpp, line 709]
Event: 27.337 Thread 0x06725c00 Exception <a 'sun/nio/fs/WindowsException'> (0x0fffe2e8) thrown at [C:\workspace\8-2-build-windows-i586-cygwin\jdk8u121\8372\hotspot\src\share\vm\prims\jni.cpp, line 709]
Event: 27.440 Thread 0x06725c00 Exception <a 'sun/nio/fs/WindowsException'> (0x104e5318) thrown at [C:\workspace\8-2-build-windows-i586-cygwin\jdk8u121\8372\hotspot\src\share\vm\prims\jni.cpp, line 709]
Event: 27.537 Thread 0x06725c00 Exception <a 'sun/nio/fs/WindowsException'> (0x109242d8) thrown at [C:\workspace\8-2-build-windows-i586-cygwin\jdk8u121\8372\hotspot\src\share\vm\prims\jni.cpp, line 709]
Event: 27.681 Thread 0x06725c00 Exception <a 'sun/nio/fs/WindowsException'> (0x1109d7f8) thrown at [C:\workspace\8-2-build-windows-i586-cygwin\jdk8u121\8372\hotspot\src\share\vm\prims\jni.cpp, line 709]
Event: 28.116 Thread 0x06725c00 Exception <a 'sun/nio/fs/WindowsException'> (0x0f7c0378) thrown at [C:\workspace\8-2-build-windows-i586-cygwin\jdk8u121\8372\hotspot\src\share\vm\prims\jni.cpp, line 709]

Events (10 events):
Event: 35.888 loading class com/android/tools/aapt2/Aapt2Result
Event: 35.888 loading class com/android/tools/aapt2/Aapt2Result done
Event: 35.888 loading class com/android/tools/aapt2/Aapt2Result$Builder
Event: 35.888 loading class com/android/tools/aapt2/Aapt2Result$Builder done
Event: 35.888 loading class com/android/tools/aapt2/AutoValue_Aapt2Result$Builder
Event: 35.888 loading class com/android/tools/aapt2/AutoValue_Aapt2Result$Builder done
Event: 35.889 loading class com/android/tools/aapt2/AutoValue_Aapt2Result
Event: 35.889 loading class com/android/tools/aapt2/AutoValue_Aapt2Result done
Event: 35.889 Executing VM operation: RevokeBias
Event: 35.890 Executing VM operation: RevokeBias done


Dynamic libraries:
0x00190000 - 0x001c3000 	C:\Program Files (x86)\Java\jdk1.8.0_121\bin\java.exe
0x77c60000 - 0x77de0000 	C:\Windows\SysWOW64\ntdll.dll
0x768a0000 - 0x769a0000 	C:\Windows\syswow64\kernel32.dll
0x6c620000 - 0x6c64f000 	C:\Program Files\AVAST Software\Avast\aswhookx.dll
0x76b90000 - 0x76bd6000 	C:\Windows\syswow64\KERNELBASE.dll
0x76680000 - 0x76720000 	C:\Windows\syswow64\ADVAPI32.dll
0x76ae0000 - 0x76b8c000 	C:\Windows\syswow64\msvcrt.dll
0x75df0000 - 0x75e09000 	C:\Windows\SysWOW64\sechost.dll
0x76190000 - 0x76280000 	C:\Windows\syswow64\RPCRT4.dll
0x757d0000 - 0x75830000 	C:\Windows\syswow64\SspiCli.dll
0x757c0000 - 0x757cc000 	C:\Windows\syswow64\CRYPTBASE.dll
0x758b0000 - 0x759b0000 	C:\Windows\syswow64\USER32.dll
0x76810000 - 0x768a0000 	C:\Windows\syswow64\GDI32.dll
0x759b0000 - 0x759ba000 	C:\Windows\syswow64\LPK.dll
0x76420000 - 0x764bd000 	C:\Windows\syswow64\USP10.dll
0x6e2d0000 - 0x6e46e000 	C:\Windows\WinSxS\x86_microsoft.windows.common-controls_6595b64144ccf1df_6.0.7600.16385_none_421189da2b7fabfc\COMCTL32.dll
0x75ac0000 - 0x75b17000 	C:\Windows\syswow64\SHLWAPI.dll
0x76720000 - 0x76780000 	C:\Windows\system32\IMM32.DLL
0x764e0000 - 0x765ac000 	C:\Windows\syswow64\MSCTF.dll
0x70210000 - 0x70239000 	C:\Windows\SysWOW64\nvinit.dll
0x0f000000 - 0x0f006000 	C:\Program Files (x86)\NVIDIA Corporation\CoProcManager\_etoured.dll
0x73d70000 - 0x73dc3000 	C:\Program Files (x86)\NVIDIA Corporation\CoProcManager\nvd3d9wrap.dll
0x76280000 - 0x7641d000 	C:\Windows\syswow64\SETUPAPI.dll
0x76780000 - 0x767a7000 	C:\Windows\syswow64\CFGMGR32.dll
0x75a30000 - 0x75abf000 	C:\Windows\syswow64\OLEAUT32.dll
0x75f30000 - 0x7608c000 	C:\Windows\syswow64\ole32.dll
0x764c0000 - 0x764d2000 	C:\Windows\syswow64\DEVOBJ.dll
0x73d30000 - 0x73d6b000 	C:\Program Files (x86)\NVIDIA Corporation\CoProcManager\nvdxgiwrap.dll
0x64ff0000 - 0x650af000 	C:\Program Files (x86)\Java\jdk1.8.0_121\jre\bin\msvcr100.dll
0x63a20000 - 0x63dee000 	C:\Program Files (x86)\Java\jdk1.8.0_121\jre\bin\client\jvm.dll
0x72820000 - 0x72827000 	C:\Windows\system32\WSOCK32.dll
0x75b20000 - 0x75b55000 	C:\Windows\syswow64\WS2_32.dll
0x765b0000 - 0x765b6000 	C:\Windows\syswow64\NSI.dll
0x702d0000 - 0x70302000 	C:\Windows\system32\WINMM.dll
0x72250000 - 0x72259000 	C:\Windows\system32\VERSION.dll
0x77c30000 - 0x77c35000 	C:\Windows\syswow64\PSAPI.DLL
0x6a8e0000 - 0x6a8ec000 	C:\Program Files (x86)\Java\jdk1.8.0_121\jre\bin\verify.dll
0x66470000 - 0x66491000 	C:\Program Files (x86)\Java\jdk1.8.0_121\jre\bin\java.dll
0x66450000 - 0x66463000 	C:\Program Files (x86)\Java\jdk1.8.0_121\jre\bin\zip.dll
0x76c10000 - 0x77859000 	C:\Windows\syswow64\SHELL32.dll
0x71fc0000 - 0x71fcb000 	C:\Windows\system32\profapi.dll
0x66430000 - 0x66446000 	C:\Program Files (x86)\Java\jdk1.8.0_121\jre\bin\net.dll
0x6f9f0000 - 0x6fa2c000 	C:\Windows\system32\mswsock.dll
0x6f9e0000 - 0x6f9e6000 	C:\Windows\System32\wship6.dll
0x6a850000 - 0x6a85f000 	C:\Program Files (x86)\Java\jdk1.8.0_121\jre\bin\nio.dll
0x66410000 - 0x66429000 	C:\Users\user\.gradle\native\25\windows-i386\native-platform.dll
0x6a230000 - 0x6a23a000 	C:\Program Files (x86)\Java\jdk1.8.0_121\jre\bin\management.dll
0x72010000 - 0x72026000 	C:\Windows\system32\CRYPTSP.dll
0x71fd0000 - 0x7200b000 	C:\Windows\system32\rsaenh.dll
0x719f0000 - 0x71a07000 	C:\Windows\system32\USERENV.dll
0x723a0000 - 0x723bc000 	C:\Windows\system32\IPHLPAPI.DLL
0x72390000 - 0x72397000 	C:\Windows\system32\WINNSI.DLL
0x6f9b0000 - 0x6f9c2000 	C:\Windows\system32\dhcpcsvc.DLL
0x6f9a0000 - 0x6f9ad000 	C:\Windows\system32\dhcpcsvc6.DLL
0x64fb0000 - 0x64fd0000 	C:\Program Files (x86)\Java\jdk1.8.0_121\jre\bin\sunec.dll
0x6f980000 - 0x6f985000 	C:\Windows\System32\wshtcpip.dll
0x72280000 - 0x722c4000 	C:\Windows\system32\DNSAPI.dll
0x741d0000 - 0x741d6000 	C:\Windows\system32\rasadhlp.dll
0x74190000 - 0x741c8000 	C:\Windows\System32\fwpuclnt.dll
0x68d30000 - 0x68d39000 	C:\Program Files (x86)\Java\jdk1.8.0_121\jre\bin\sunmscapi.dll
0x75e10000 - 0x75f2c000 	C:\Windows\syswow64\CRYPT32.dll
0x75a20000 - 0x75a2c000 	C:\Windows\syswow64\MSASN1.dll
0x64b40000 - 0x64b58000 	C:\Users\user\AppData\Local\Temp\aapt2_4848326006705894831\libwinpthread-1.dll
0x0bcf0000 - 0x0bfab000 	C:\Users\user\AppData\Local\Temp\aapt2_4848326006705894831\libaapt2_jni.dll
0x72120000 - 0x7220b000 	C:\Windows\system32\dbghelp.dll

VM Arguments:
jvm_args: -XX:+HeapDumpOnOutOfMemoryError -Xmx1024m -Dfile.encoding=windows-1252 -Duser.country=IN -Duser.language=en -Duser.variant 
java_command: org.gradle.launcher.daemon.bootstrap.GradleDaemon 4.4
java_class_path (initial): C:\Users\user\.gradle\wrapper\dists\gradle-4.4-all\9br9xq1tocpiv8o6njlyu5op1\gradle-4.4\lib\gradle-launcher-4.4.jar
Launcher Type: SUN_STANDARD

Environment Variables:
JAVA_HOME=C:\Program Files (x86)\Java\jdk1.8.0_121
CLASSPATH=E:\sampleReact\Sheistheworld\sheistheworld\android\\gradle\wrapper\gradle-wrapper.jar
PATH=C:\Users\user\AppData\Roaming\npm;C:\Program Files\nodejs\;C:\Program Files\Dell\DW WLAN Card;C:\ProgramData\Oracle\Java\javapath;C:\Windows\system32;C:\Windows;C:\Windows\System32\Wbem;C:\Windows\System32\WindowsPowerShell\v1.0\;C:\Program Files\WIDCOMM\Bluetooth Software\;C:\Program Files\WIDCOMM\Bluetooth Software\syswow64;C:\Program Files\Git\cmd;C:\Program Files\nodejs\;C:\Program Files\Microsoft VS Code\bin;e:\adb\adb.exe
USERNAME=user
OS=Windows_NT
PROCESSOR_IDENTIFIER=Intel64 Family 6 Model 69 Stepping 1, GenuineIntel



---------------  S Y S T E M  ---------------

OS: Windows 7 , 64 bit Build 7600 (6.1.7600.16385)

CPU:total 4 (2 cores per cpu, 2 threads per core) family 6 model 69 stepping 1, cmov, cx8, fxsr, mmx, sse, sse2, sse3, ssse3, sse4.1, sse4.2, popcnt, aes, clmul, erms, lzcnt, ht, tsc, tscinvbit, bmi1, bmi2

Memory: 4k page, physical 8290128k(1880996k free), swap 44128232k(37376152k free)

vm_info: Java HotSpot(TM) Client VM (25.121-b13) for windows-x86 JRE (1.8.0_121-b13), built on Dec 12 2016 18:17:00 by "java_re" with MS VC++ 10.0 (VS2010)

time: Sat Sep 01 12:34:49 2018
elapsed time: 35 seconds (0d 0h 0m 35s)

